{
  "RSpec": {
    "coverage": {
      "/Users/drewwilliams/turing/3module/projects/sweaterweather/app/facades/forecast_facade.rb": {
        "lines": [
          1,
          1,
          2,
          2,
          2,
          2,
          2,
          null,
          null
        ]
      },
      "/Users/drewwilliams/turing/3module/projects/sweaterweather/app/services/map_service.rb": {
        "lines": [
          1,
          1,
          5,
          null,
          null,
          1,
          31,
          31,
          null,
          null,
          1,
          36,
          36,
          36,
          null,
          36,
          null,
          null,
          1,
          36,
          null,
          null
        ]
      },
      "/Users/drewwilliams/turing/3module/projects/sweaterweather/app/services/weather_service.rb": {
        "lines": [
          1,
          1,
          5,
          null,
          null,
          1,
          5,
          5,
          5,
          null,
          5,
          null,
          null,
          1,
          5,
          null,
          null
        ]
      },
      "/Users/drewwilliams/turing/3module/projects/sweaterweather/app/poros/forecast.rb": {
        "lines": [
          1,
          1,
          1,
          2,
          2,
          2,
          2,
          null,
          null,
          1,
          2,
          2,
          2,
          2,
          2,
          2,
          2,
          null,
          null,
          1,
          2,
          16,
          16,
          16,
          16,
          16,
          16,
          16,
          16,
          16,
          null,
          null,
          null,
          1,
          2,
          16,
          16,
          16,
          16,
          16,
          16,
          16,
          null,
          null,
          null,
          1,
          16,
          16,
          16,
          null,
          null
        ]
      },
      "/Users/drewwilliams/turing/3module/projects/sweaterweather/app/facades/trail_facade.rb": {
        "lines": [
          1,
          1,
          2,
          2,
          2,
          2,
          null,
          null,
          null,
          null,
          2,
          null,
          null,
          1,
          2,
          null,
          null,
          1,
          2,
          null,
          null
        ]
      },
      "/Users/drewwilliams/turing/3module/projects/sweaterweather/app/services/hiking_service.rb": {
        "lines": [
          1,
          1,
          3,
          null,
          null,
          1,
          3,
          3,
          3,
          null,
          3,
          null,
          null,
          1,
          3,
          null,
          null
        ]
      },
      "/Users/drewwilliams/turing/3module/projects/sweaterweather/app/poros/trail.rb": {
        "lines": [
          1,
          1,
          1,
          3,
          3,
          3,
          3,
          null,
          null,
          1,
          3,
          3,
          3,
          3,
          null,
          null,
          1,
          3,
          30,
          30,
          30,
          null,
          null,
          null
        ]
      },
      "/Users/drewwilliams/turing/3module/projects/sweaterweather/app/controllers/api/v1/forecast_controller.rb": {
        "lines": [
          1,
          1,
          1,
          1,
          null,
          null
        ]
      },
      "/Users/drewwilliams/turing/3module/projects/sweaterweather/app/controllers/application_controller.rb": {
        "lines": [
          1,
          null
        ]
      },
      "/Users/drewwilliams/turing/3module/projects/sweaterweather/app/serializers/forecast_serializer.rb": {
        "lines": [
          1,
          1,
          1,
          null
        ]
      },
      "/Users/drewwilliams/turing/3module/projects/sweaterweather/app/controllers/api/v1/trails_controller.rb": {
        "lines": [
          1,
          1,
          1,
          1,
          null,
          null
        ]
      },
      "/Users/drewwilliams/turing/3module/projects/sweaterweather/app/serializers/trail_serializer.rb": {
        "lines": [
          1,
          1,
          1,
          null
        ]
      }
    },
    "timestamp": 1604947750
  }
}
